c:\uabc\fiad\cuarto_semestre\proyectopoo\trafficair\trafficair\x64\debug\vc143.pdb
c:\uabc\fiad\cuarto_semestre\proyectopoo\trafficair\trafficair\x64\debug\vc143.idb
c:\uabc\fiad\cuarto_semestre\proyectopoo\trafficair\trafficair\x64\debug\trafficair.obj
c:\uabc\fiad\cuarto_semestre\proyectopoo\trafficair\trafficair\x64\debug\avionchico.obj
c:\uabc\fiad\cuarto_semestre\proyectopoo\trafficair\trafficair\x64\debug\vehiculoaereo.obj
c:\uabc\fiad\cuarto_semestre\proyectopoo\trafficair\trafficair\x64\debug\main.obj
c:\uabc\fiad\cuarto_semestre\proyectopoo\trafficair\trafficair\x64\debug\terminal.obj
c:\uabc\fiad\cuarto_semestre\proyectopoo\trafficair\trafficair\x64\debug\informacionavion.obj
c:\uabc\fiad\cuarto_semestre\proyectopoo\trafficair\x64\debug\trafficair.exe
c:\uabc\fiad\cuarto_semestre\proyectopoo\trafficair\x64\debug\trafficair.pdb
c:\uabc\fiad\cuarto_semestre\proyectopoo\trafficair\x64\debug\raylib.dll
c:\uabc\fiad\cuarto_semestre\proyectopoo\trafficair\x64\debug\glfw3.dll
c:\uabc\fiad\cuarto_semestre\proyectopoo\trafficair\trafficair\x64\debug\trafficair.ilk
c:\uabc\fiad\cuarto_semestre\proyectopoo\trafficair\trafficair\x64\debug\trafficair.tlog\cl.command.1.tlog
c:\uabc\fiad\cuarto_semestre\proyectopoo\trafficair\trafficair\x64\debug\trafficair.tlog\cl.items.tlog
c:\uabc\fiad\cuarto_semestre\proyectopoo\trafficair\trafficair\x64\debug\trafficair.tlog\cl.read.1.tlog
c:\uabc\fiad\cuarto_semestre\proyectopoo\trafficair\trafficair\x64\debug\trafficair.tlog\cl.write.1.tlog
c:\uabc\fiad\cuarto_semestre\proyectopoo\trafficair\trafficair\x64\debug\trafficair.tlog\link.command.1.tlog
c:\uabc\fiad\cuarto_semestre\proyectopoo\trafficair\trafficair\x64\debug\trafficair.tlog\link.read.1.tlog
c:\uabc\fiad\cuarto_semestre\proyectopoo\trafficair\trafficair\x64\debug\trafficair.tlog\link.secondary.1.tlog
c:\uabc\fiad\cuarto_semestre\proyectopoo\trafficair\trafficair\x64\debug\trafficair.tlog\link.write.1.tlog
c:\uabc\fiad\cuarto_semestre\proyectopoo\trafficair\trafficair\x64\debug\trafficair.tlog\trafficair.write.1u.tlog
