  TrafficAir.cpp
C:\UABC\FIAD\Cuarto_semestre\ProyectoPOO\TrafficAir\InformacionAvion.h(56,30): warning C4244: 'argumento': conversión de 'float' a 'int'; posible pérdida de datos
  (compilando archivo de origen "TrafficAir.cpp")
  
C:\UABC\FIAD\Cuarto_semestre\ProyectoPOO\TrafficAir\InformacionAvion.h(55,30): warning C4244: 'argumento': conversión de 'float' a 'int'; posible pérdida de datos
  (compilando archivo de origen "TrafficAir.cpp")
  
C:\UABC\FIAD\Cuarto_semestre\ProyectoPOO\TrafficAir\Terminal.h(111,29): warning C4244: 'argumento': conversión de 'float' a 'int'; posible pérdida de datos
  (compilando archivo de origen "TrafficAir.cpp")
  
C:\UABC\FIAD\Cuarto_semestre\ProyectoPOO\TrafficAir\Terminal.h(110,29): warning C4244: 'argumento': conversión de 'float' a 'int'; posible pérdida de datos
  (compilando archivo de origen "TrafficAir.cpp")
  
C:\UABC\FIAD\Cuarto_semestre\ProyectoPOO\TrafficAir\Terminal.h(182,72): warning C4244: 'argumento': conversión de 'float' a 'int'; posible pérdida de datos
  (compilando archivo de origen "TrafficAir.cpp")
  
C:\UABC\FIAD\Cuarto_semestre\ProyectoPOO\TrafficAir\Terminal.h(181,71): warning C4244: 'argumento': conversión de 'float' a 'int'; posible pérdida de datos
  (compilando archivo de origen "TrafficAir.cpp")
  
C:\UABC\FIAD\Cuarto_semestre\ProyectoPOO\TrafficAir\Terminal.h(221,54): warning C4244: 'argumento': conversión de 'float' a 'int'; posible pérdida de datos
  (compilando archivo de origen "TrafficAir.cpp")
  
C:\UABC\FIAD\Cuarto_semestre\ProyectoPOO\TrafficAir\Terminal.h(220,53): warning C4244: 'argumento': conversión de 'float' a 'int'; posible pérdida de datos
  (compilando archivo de origen "TrafficAir.cpp")
  
C:\UABC\FIAD\Cuarto_semestre\ProyectoPOO\TrafficAir\Terminal.h(231,54): warning C4244: 'argumento': conversión de 'float' a 'int'; posible pérdida de datos
  (compilando archivo de origen "TrafficAir.cpp")
  
C:\UABC\FIAD\Cuarto_semestre\ProyectoPOO\TrafficAir\Terminal.h(230,53): warning C4244: 'argumento': conversión de 'float' a 'int'; posible pérdida de datos
  (compilando archivo de origen "TrafficAir.cpp")
  
C:\UABC\FIAD\Cuarto_semestre\ProyectoPOO\TrafficAir\Terminal.h(305,79): warning C4244: 'argumento': conversión de 'float' a 'int'; posible pérdida de datos
  (compilando archivo de origen "TrafficAir.cpp")
  
C:\UABC\FIAD\Cuarto_semestre\ProyectoPOO\TrafficAir\Terminal.h(305,60): warning C4244: 'argumento': conversión de 'float' a 'int'; posible pérdida de datos
  (compilando archivo de origen "TrafficAir.cpp")
  
C:\UABC\FIAD\Cuarto_semestre\ProyectoPOO\TrafficAir\TrafficAir.cpp(88,24): warning C4244: 'inicializando': conversión de 'double' a 'float'; posible pérdida de datos
C:\UABC\FIAD\Cuarto_semestre\ProyectoPOO\TrafficAir\TrafficAir.cpp(106,33): warning C4244: 'inicializando': conversión de 'double' a 'float'; posible pérdida de datos
C:\UABC\FIAD\Cuarto_semestre\ProyectoPOO\TrafficAir\TrafficAir.cpp(113,32): warning C4244: 'inicializando': conversión de 'double' a 'float'; posible pérdida de datos
C:\UABC\FIAD\Cuarto_semestre\ProyectoPOO\TrafficAir\TrafficAir.cpp(139,73): warning C4267: 'argumento': conversión de 'size_t' a 'int'; posible pérdida de datos
C:\UABC\FIAD\Cuarto_semestre\ProyectoPOO\TrafficAir\TrafficAir.cpp(254,32): warning C4244: '=': conversión de 'double' a 'float'; posible pérdida de datos
  TrafficAir.vcxproj -> C:\UABC\FIAD\Cuarto_semestre\ProyectoPOO\TrafficAir\x64\Debug\TrafficAir.exe
  "pwsh.exe" no se reconoce como un comando interno o externo,
  programa o archivo por lotes ejecutable.
